[debug] [2023-01-19T10:15:15.655Z] ----------------------------------------------------------------------
[debug] [2023-01-19T10:15:15.658Z] Command:       C:\Program Files\nodejs\node.exe C:\Users\Jawan_Pakistan\AppData\Roaming\npm\node_modules\firebase-tools\lib\bin\firebase.js deploy
[debug] [2023-01-19T10:15:15.659Z] CLI Version:   11.19.0
[debug] [2023-01-19T10:15:15.659Z] Platform:      win32
[debug] [2023-01-19T10:15:15.659Z] Node Version:  v18.12.1
[debug] [2023-01-19T10:15:15.660Z] Time:          Thu Jan 19 2023 15:15:15 GMT+0500 (Pakistan Standard Time)
[debug] [2023-01-19T10:15:15.661Z] ----------------------------------------------------------------------
[debug] 
[debug] [2023-01-19T10:15:15.758Z] > command requires scopes: ["email","openid","https://www.googleapis.com/auth/cloudplatformprojects.readonly","https://www.googleapis.com/auth/firebase","https://www.googleapis.com/auth/cloud-platform"]
[debug] [2023-01-19T10:15:15.759Z] > authorizing via signed-in user (jpwork011@gmail.com)
[debug] [2023-01-19T10:15:15.759Z] [iam] checking project expense-tracker-2023 for permissions ["firebase.projects.get","firebasehosting.sites.update"]
[debug] [2023-01-19T10:15:15.762Z] >>> [apiv2][query] POST https://cloudresourcemanager.googleapis.com/v1/projects/expense-tracker-2023:testIamPermissions [none]
[debug] [2023-01-19T10:15:15.763Z] >>> [apiv2][(partial)header] POST https://cloudresourcemanager.googleapis.com/v1/projects/expense-tracker-2023:testIamPermissions x-goog-quota-user=projects/expense-tracker-2023
[debug] [2023-01-19T10:15:15.763Z] >>> [apiv2][body] POST https://cloudresourcemanager.googleapis.com/v1/projects/expense-tracker-2023:testIamPermissions {"permissions":["firebase.projects.get","firebasehosting.sites.update"]}
[debug] [2023-01-19T10:15:17.559Z] <<< [apiv2][status] POST https://cloudresourcemanager.googleapis.com/v1/projects/expense-tracker-2023:testIamPermissions 200
[debug] [2023-01-19T10:15:17.559Z] <<< [apiv2][body] POST https://cloudresourcemanager.googleapis.com/v1/projects/expense-tracker-2023:testIamPermissions {"permissions":["firebase.projects.get","firebasehosting.sites.update"]}
[debug] [2023-01-19T10:15:17.561Z] >>> [apiv2][query] GET https://firebase.googleapis.com/v1beta1/projects/expense-tracker-2023 [none]
[debug] [2023-01-19T10:15:18.076Z] <<< [apiv2][status] GET https://firebase.googleapis.com/v1beta1/projects/expense-tracker-2023 200
[debug] [2023-01-19T10:15:18.077Z] <<< [apiv2][body] GET https://firebase.googleapis.com/v1beta1/projects/expense-tracker-2023 {"projectId":"expense-tracker-2023","projectNumber":"1022376068649","displayName":"expense-tracker-2023","name":"projects/expense-tracker-2023","resources":{"hostingSite":"expense-tracker-2023"},"state":"ACTIVE","etag":"1_c1b8ae58-c035-4239-ae84-f35d5ac627e9"}
[info] 
[info] === Deploying to 'expense-tracker-2023'...
[info] 
[info] i  deploying hosting 
[debug] [2023-01-19T10:15:18.086Z] >>> [apiv2][query] POST https://firebasehosting.googleapis.com/v1beta1/projects/-/sites/expense-tracker-2023/versions [none]
[debug] [2023-01-19T10:15:18.086Z] >>> [apiv2][body] POST https://firebasehosting.googleapis.com/v1beta1/projects/-/sites/expense-tracker-2023/versions {"status":"CREATED","labels":{"deployment-tool":"cli-firebase"}}
[debug] [2023-01-19T10:15:20.246Z] <<< [apiv2][status] POST https://firebasehosting.googleapis.com/v1beta1/projects/-/sites/expense-tracker-2023/versions 200
[debug] [2023-01-19T10:15:20.246Z] <<< [apiv2][body] POST https://firebasehosting.googleapis.com/v1beta1/projects/-/sites/expense-tracker-2023/versions {"name":"projects/1022376068649/sites/expense-tracker-2023/versions/75ed218707cd93b1","status":"CREATED","config":{},"labels":{"deployment-tool":"cli-firebase"}}
[info] i  hosting[expense-tracker-2023]: beginning deploy... 
[info] i  hosting[expense-tracker-2023]: found 15 files in build 
[debug] [2023-01-19T10:15:20.273Z] [hosting] uploading with 200 concurrency
[debug] [2023-01-19T10:15:20.275Z] [hosting] hash cache [YnVpbGQ] not populated
[debug] [2023-01-19T10:15:21.756Z] [hosting] hash cache [YnVpbGQ] stored for 15 files
[debug] [2023-01-19T10:15:21.757Z] [hosting][hash queue][FINAL] {"max":1469,"min":14,"avg":114.53333333333333,"active":0,"complete":15,"success":15,"errored":0,"retried":0,"total":15,"elapsed":1480}
[debug] [2023-01-19T10:15:21.757Z] >>> [apiv2][query] POST https://firebasehosting.googleapis.com/v1beta1/projects/1022376068649/sites/expense-tracker-2023/versions/75ed218707cd93b1:populateFiles [none]
[debug] [2023-01-19T10:15:21.757Z] >>> [apiv2][body] POST https://firebasehosting.googleapis.com/v1beta1/projects/1022376068649/sites/expense-tracker-2023/versions/75ed218707cd93b1:populateFiles {"files":{"/404.html":"daa499dd96d8229e73235345702ba32f0793f0c8e5c0d30e40e37a5872be57aa","/favicon.ico":"eae62e993eb980ec8a25058c39d5a51feab118bd2100c4deebb2a9c158ec11f9","/index.html":"ab6d5893310be6cb38b03258f8e2be0bd5ce0cd540ac5e4cbaf6e93e9e5ea0ac","/asset-manifest.json":"a056d64c8fc9522a0f5ad31103f6349df7f04afa99f4afb56dd180928969afe3","/logo192.png":"3ee59515172ee198f3be375979df15ac5345183e656720a381b8872b2a39dc8b","/manifest.json":"5c997de1364b8be939319fa9209abd77f2caf7f8844999a9e2e9173f844e7840","/logo512.png":"ee7e2f3fdb8209c4b6fd7bef6ba50d1b9dba30a25bb5c3126df057e1cb6f5331","/robots.txt":"b2090cf9761ef60aa06e4fab97679bd43dfa5e5df073701ead5879d7c68f1ec5","/static/css/main.25e58959.css":"7ac94a5de91eb2adf69f872f208c52759ce28e2fc01591ee48ad8a8b30478cdb","/static/js/415.0f4cb797.chunk.js":"e52cf8b9bccde6bd5022518cdaeb9cc96d339c38a1eba343bbb1881653eaebe3","/static/css/main.25e58959.css.map":"74986d61f8cd8640b78778f4e0256068b8655f497e653f5c8a4ee79ec1ad2cee","/static/js/415.0f4cb797.chunk.js.map":"b58327a78ef3f72b3019257c3625a7453e770d99874505ea9e039b84b6f8774b","/static/js/main.7be480d2.js.LICENSE.txt":"8367cd760eff10eb180f4e959b4bad8e37e1c219a4031bcfa25c20da38757362","/static/js/main.7be480d2.js":"097a11fc2fb30c5a15b553985688c6b87e4c63426ae811d13add9f96d31d2915","/static/js/main.7be480d2.js.map":"ce5897ac27159ec846711526086c5cdf1d60a0089eda892e1a9d27d90cd17b4f"}}
[debug] [2023-01-19T10:15:23.490Z] <<< [apiv2][status] POST https://firebasehosting.googleapis.com/v1beta1/projects/1022376068649/sites/expense-tracker-2023/versions/75ed218707cd93b1:populateFiles 200
[debug] [2023-01-19T10:15:23.490Z] <<< [apiv2][body] POST https://firebasehosting.googleapis.com/v1beta1/projects/1022376068649/sites/expense-tracker-2023/versions/75ed218707cd93b1:populateFiles {"uploadUrl":"https://upload-firebasehosting.googleapis.com/upload/sites/expense-tracker-2023/versions/75ed218707cd93b1/files"}
[debug] [2023-01-19T10:15:23.491Z] [hosting][populate queue][FINAL] {"max":1737,"min":1737,"avg":1737,"active":0,"complete":1,"success":1,"errored":0,"retried":0,"total":1,"elapsed":1737}
[debug] [2023-01-19T10:15:23.491Z] [hosting] uploads queued: 0
[debug] [2023-01-19T10:15:23.492Z] [hosting][upload queue][FINAL] {"max":0,"min":9999999999,"avg":0,"active":0,"complete":0,"success":0,"errored":0,"retried":0,"total":0,"elapsed":1674123323492}
[info] +  hosting[expense-tracker-2023]: file upload complete 
[debug] [2023-01-19T10:15:23.493Z] [hosting] deploy completed after 3242ms
[debug] [2023-01-19T10:15:23.498Z] [
  {
    "config": {
      "public": "build",
      "ignore": [
        "firebase.json",
        "**/.*",
        "**/node_modules/**"
      ],
      "site": "expense-tracker-2023"
    },
    "version": "projects/1022376068649/sites/expense-tracker-2023/versions/75ed218707cd93b1"
  }
]
[info] i  hosting[expense-tracker-2023]: finalizing version... 
[debug] [2023-01-19T10:15:23.503Z] >>> [apiv2][query] PATCH https://firebasehosting.googleapis.com/v1beta1/projects/-/sites/expense-tracker-2023/versions/75ed218707cd93b1 updateMask=status%2Cconfig
[debug] [2023-01-19T10:15:23.503Z] >>> [apiv2][body] PATCH https://firebasehosting.googleapis.com/v1beta1/projects/-/sites/expense-tracker-2023/versions/75ed218707cd93b1 {"status":"FINALIZED","config":{}}
[debug] [2023-01-19T10:15:25.213Z] <<< [apiv2][status] PATCH https://firebasehosting.googleapis.com/v1beta1/projects/-/sites/expense-tracker-2023/versions/75ed218707cd93b1 200
[debug] [2023-01-19T10:15:25.213Z] <<< [apiv2][body] PATCH https://firebasehosting.googleapis.com/v1beta1/projects/-/sites/expense-tracker-2023/versions/75ed218707cd93b1 {"name":"projects/1022376068649/sites/expense-tracker-2023/versions/75ed218707cd93b1","status":"FINALIZED","config":{},"labels":{"deployment-tool":"cli-firebase"},"createTime":"2023-01-19T10:15:20.379244Z","createUser":{"email":"jpwork011@gmail.com"},"finalizeTime":"2023-01-19T10:15:25.725526Z","finalizeUser":{"email":"jpwork011@gmail.com"}}
[debug] [2023-01-19T10:15:25.213Z] [hosting] finalized version for expense-tracker-2023:[object Object]
[info] +  hosting[expense-tracker-2023]: version finalized 
[info] i  hosting[expense-tracker-2023]: releasing new version... 
[debug] [2023-01-19T10:15:25.214Z] >>> [apiv2][query] POST https://firebasehosting.googleapis.com/v1beta1/projects/-/sites/expense-tracker-2023/channels/live/releases versionName=projects%2F1022376068649%2Fsites%2Fexpense-tracker-2023%2Fversions%2F75ed218707cd93b1
[debug] [2023-01-19T10:15:25.214Z] >>> [apiv2][body] POST https://firebasehosting.googleapis.com/v1beta1/projects/-/sites/expense-tracker-2023/channels/live/releases {}
[debug] [2023-01-19T10:15:26.901Z] <<< [apiv2][status] POST https://firebasehosting.googleapis.com/v1beta1/projects/-/sites/expense-tracker-2023/channels/live/releases 200
[debug] [2023-01-19T10:15:26.901Z] <<< [apiv2][body] POST https://firebasehosting.googleapis.com/v1beta1/projects/-/sites/expense-tracker-2023/channels/live/releases {"name":"projects/1022376068649/sites/expense-tracker-2023/channels/live/releases/1674123326827292","version":{"name":"projects/1022376068649/sites/expense-tracker-2023/versions/75ed218707cd93b1","status":"FINALIZED","config":{},"labels":{"deployment-tool":"cli-firebase"},"createTime":"2023-01-19T10:15:20.379244Z","createUser":{"email":"jpwork011@gmail.com","imageUrl":"https://lh3.googleusercontent.com/a/AEdFTp5EBwfXIoYH2OzU805jbJuOIATZWJ9ksDGx7V1O=mo"},"finalizeTime":"2023-01-19T10:15:25.725526Z","finalizeUser":{"email":"jpwork011@gmail.com","imageUrl":"https://lh3.googleusercontent.com/a/AEdFTp5EBwfXIoYH2OzU805jbJuOIATZWJ9ksDGx7V1O=mo"}},"type":"DEPLOY","releaseTime":"2023-01-19T10:15:26.827292642Z","releaseUser":{"email":"jpwork011@gmail.com","imageUrl":"https://lh3.googleusercontent.com/a/AEdFTp5EBwfXIoYH2OzU805jbJuOIATZWJ9ksDGx7V1O=mo"}}
[debug] [2023-01-19T10:15:26.901Z] [hosting] release: {"name":"projects/1022376068649/sites/expense-tracker-2023/channels/live/releases/1674123326827292","version":{"name":"projects/1022376068649/sites/expense-tracker-2023/versions/75ed218707cd93b1","status":"FINALIZED","config":{},"labels":{"deployment-tool":"cli-firebase"},"createTime":"2023-01-19T10:15:20.379244Z","createUser":{"email":"jpwork011@gmail.com","imageUrl":"https://lh3.googleusercontent.com/a/AEdFTp5EBwfXIoYH2OzU805jbJuOIATZWJ9ksDGx7V1O=mo"},"finalizeTime":"2023-01-19T10:15:25.725526Z","finalizeUser":{"email":"jpwork011@gmail.com","imageUrl":"https://lh3.googleusercontent.com/a/AEdFTp5EBwfXIoYH2OzU805jbJuOIATZWJ9ksDGx7V1O=mo"}},"type":"DEPLOY","releaseTime":"2023-01-19T10:15:26.827292642Z","releaseUser":{"email":"jpwork011@gmail.com","imageUrl":"https://lh3.googleusercontent.com/a/AEdFTp5EBwfXIoYH2OzU805jbJuOIATZWJ9ksDGx7V1O=mo"}}
[info] +  hosting[expense-tracker-2023]: release complete 
